c:\users\student\desktop\チーム制作\sh2ot\git用フォルダ\新しいフォルダー (3)\sh2ot_toso\ソリューション\release\vc140.pdb
c:\users\student\desktop\チーム制作\sh2ot\git用フォルダ\新しいフォルダー (3)\sh2ot_toso\ソリューション\release\keyui.obj
c:\users\student\desktop\チーム制作\sh2ot\git用フォルダ\新しいフォルダー (3)\sh2ot_toso\ソリューション\release\key.obj
c:\users\student\desktop\チーム制作\sh2ot\git用フォルダ\新しいフォルダー (3)\sh2ot_toso\ソリューション\release\input.obj
c:\users\student\desktop\チーム制作\sh2ot\git用フォルダ\新しいフォルダー (3)\sh2ot_toso\ソリューション\release\game.obj
c:\users\student\desktop\チーム制作\sh2ot\git用フォルダ\新しいフォルダー (3)\sh2ot_toso\ソリューション\release\fog.obj
c:\users\student\desktop\チーム制作\sh2ot\git用フォルダ\新しいフォルダー (3)\sh2ot_toso\ソリューション\release\fade.obj
c:\users\student\desktop\チーム制作\sh2ot\git用フォルダ\新しいフォルダー (3)\sh2ot_toso\ソリューション\release\exit.obj
c:\users\student\desktop\チーム制作\sh2ot\git用フォルダ\新しいフォルダー (3)\sh2ot_toso\ソリューション\release\escapetutorial.obj
c:\users\student\desktop\チーム制作\sh2ot\git用フォルダ\新しいフォルダー (3)\sh2ot_toso\ソリューション\release\escaperanking.obj
c:\users\student\desktop\チーム制作\sh2ot\git用フォルダ\新しいフォルダー (3)\sh2ot_toso\ソリューション\release\escapeoverresult.obj
c:\users\student\desktop\チーム制作\sh2ot\git用フォルダ\新しいフォルダー (3)\sh2ot_toso\ソリューション\release\escapeclearresult.obj
c:\users\student\desktop\チーム制作\sh2ot\git用フォルダ\新しいフォルダー (3)\sh2ot_toso\ソリューション\release\enemy.obj
c:\users\student\desktop\チーム制作\sh2ot\git用フォルダ\新しいフォルダー (3)\sh2ot_toso\ソリューション\release\effect.obj
c:\users\student\desktop\チーム制作\sh2ot\git用フォルダ\新しいフォルダー (3)\sh2ot_toso\ソリューション\release\edit.obj
c:\users\student\desktop\チーム制作\sh2ot\git用フォルダ\新しいフォルダー (3)\sh2ot_toso\ソリューション\release\debugproc.obj
c:\users\student\desktop\チーム制作\sh2ot\git用フォルダ\新しいフォルダー (3)\sh2ot_toso\ソリューション\release\checkboxui.obj
c:\users\student\desktop\チーム制作\sh2ot\git用フォルダ\新しいフォルダー (3)\sh2ot_toso\ソリューション\release\chasepolygon.obj
c:\users\student\desktop\チーム制作\sh2ot\git用フォルダ\新しいフォルダー (3)\sh2ot_toso\ソリューション\release\camera.obj
c:\users\student\desktop\チーム制作\sh2ot\git用フォルダ\新しいフォルダー (3)\sh2ot_toso\ソリューション\release\billboard.obj
c:\users\student\desktop\チーム制作\sh2ot\git用フォルダ\新しいフォルダー (3)\sh2ot_toso\ソリューション\release\actionhelpui.obj
c:\users\student\desktop\チーム制作\sh2ot\git用フォルダ\新しいフォルダー (3)\sh2ot_toso\ソリューション\release\playerbg.obj
c:\users\student\desktop\チーム制作\sh2ot\git用フォルダ\新しいフォルダー (3)\sh2ot_toso\ソリューション\release\player.obj
c:\users\student\desktop\チーム制作\sh2ot\git用フォルダ\新しいフォルダー (3)\sh2ot_toso\ソリューション\release\pause.obj
c:\users\student\desktop\チーム制作\sh2ot\git用フォルダ\新しいフォルダー (3)\sh2ot_toso\ソリューション\release\particle.obj
c:\users\student\desktop\チーム制作\sh2ot\git用フォルダ\新しいフォルダー (3)\sh2ot_toso\ソリューション\release\paperbg01.obj
c:\users\student\desktop\チーム制作\sh2ot\git用フォルダ\新しいフォルダー (3)\sh2ot_toso\ソリューション\release\paperbg00.obj
c:\users\student\desktop\チーム制作\sh2ot\git用フォルダ\新しいフォルダー (3)\sh2ot_toso\ソリューション\release\objectwall.obj
c:\users\student\desktop\チーム制作\sh2ot\git用フォルダ\新しいフォルダー (3)\sh2ot_toso\ソリューション\release\objectpoly.obj
c:\users\student\desktop\チーム制作\sh2ot\git用フォルダ\新しいフォルダー (3)\sh2ot_toso\ソリューション\release\objectlight.obj
c:\users\student\desktop\チーム制作\sh2ot\git用フォルダ\新しいフォルダー (3)\sh2ot_toso\ソリューション\release\objectbg.obj
c:\users\student\desktop\チーム制作\sh2ot\git用フォルダ\新しいフォルダー (3)\sh2ot_toso\ソリューション\release\object00.obj
c:\users\student\desktop\チーム制作\sh2ot\git用フォルダ\新しいフォルダー (3)\sh2ot_toso\ソリューション\release\numberui.obj
c:\users\student\desktop\チーム制作\sh2ot\git用フォルダ\新しいフォルダー (3)\sh2ot_toso\ソリューション\release\meshwall.obj
c:\users\student\desktop\チーム制作\sh2ot\git用フォルダ\新しいフォルダー (3)\sh2ot_toso\ソリューション\release\meshfield.obj
c:\users\student\desktop\チーム制作\sh2ot\git用フォルダ\新しいフォルダー (3)\sh2ot_toso\ソリューション\release\meshdome.obj
c:\users\student\desktop\チーム制作\sh2ot\git用フォルダ\新しいフォルダー (3)\sh2ot_toso\ソリューション\release\meshcylinder.obj
c:\users\student\desktop\チーム制作\sh2ot\git用フォルダ\新しいフォルダー (3)\sh2ot_toso\ソリューション\release\main.obj
c:\users\student\desktop\チーム制作\sh2ot\git用フォルダ\新しいフォルダー (3)\sh2ot_toso\ソリューション\release\light.obj
c:\users\student\desktop\チーム制作\sh2ot\git用フォルダ\新しいフォルダー (3)\sh2ot_toso\ソリューション\release\lifepolygon.obj
c:\users\student\desktop\チーム制作\sh2ot\git用フォルダ\新しいフォルダー (3)\sh2ot_toso\ソリューション\release\life.obj
c:\users\student\desktop\チーム制作\sh2ot\git用フォルダ\新しいフォルダー (3)\sh2ot_toso\ソリューション\release\villaintutorial.obj
c:\users\student\desktop\チーム制作\sh2ot\git用フォルダ\新しいフォルダー (3)\sh2ot_toso\ソリューション\release\villainresult.obj
c:\users\student\desktop\チーム制作\sh2ot\git用フォルダ\新しいフォルダー (3)\sh2ot_toso\ソリューション\release\villainranking.obj
c:\users\student\desktop\チーム制作\sh2ot\git用フォルダ\新しいフォルダー (3)\sh2ot_toso\ソリューション\release\tutorialui.obj
c:\users\student\desktop\チーム制作\sh2ot\git用フォルダ\新しいフォルダー (3)\sh2ot_toso\ソリューション\release\title.obj
c:\users\student\desktop\チーム制作\sh2ot\git用フォルダ\新しいフォルダー (3)\sh2ot_toso\ソリューション\release\time.obj
c:\users\student\desktop\チーム制作\sh2ot\git用フォルダ\新しいフォルダー (3)\sh2ot_toso\ソリューション\release\thunder.obj
c:\users\student\desktop\チーム制作\sh2ot\git用フォルダ\新しいフォルダー (3)\sh2ot_toso\ソリューション\release\stamina.obj
c:\users\student\desktop\チーム制作\sh2ot\git用フォルダ\新しいフォルダー (3)\sh2ot_toso\ソリューション\release\stage.obj
c:\users\student\desktop\チーム制作\sh2ot\git用フォルダ\新しいフォルダー (3)\sh2ot_toso\ソリューション\release\spotlight.obj
c:\users\student\desktop\チーム制作\sh2ot\git用フォルダ\新しいフォルダー (3)\sh2ot_toso\ソリューション\release\sound.obj
c:\users\student\desktop\チーム制作\sh2ot\git用フォルダ\新しいフォルダー (3)\sh2ot_toso\ソリューション\release\score_item.obj
c:\users\student\desktop\チーム制作\sh2ot\git用フォルダ\新しいフォルダー (3)\sh2ot_toso\ソリューション\release\score.obj
c:\users\student\desktop\チーム制作\sh2ot\git用フォルダ\新しいフォルダー (3)\sh2ot_toso\ソリューション\release\resultui.obj
c:\users\student\desktop\チーム制作\sh2ot\git用フォルダ\新しいフォルダー (3)\sh2ot_toso\ソリューション\release\result.obj
c:\users\student\desktop\チーム制作\sh2ot\git用フォルダ\新しいフォルダー (3)\sh2ot_toso\ソリューション\release\rankingui.obj
c:\users\student\desktop\チーム制作\sh2ot\git用フォルダ\新しいフォルダー (3)\sh2ot_toso\ソリューション\release\rankingnumber.obj
c:\users\student\desktop\チーム制作\sh2ot\git用フォルダ\新しいフォルダー (3)\sh2ot_toso\ソリューション\release\polygonbg.obj
c:\users\student\desktop\チーム制作\sh2ot\git用フォルダ\新しいフォルダー (3)\sh2ot_toso\ソリューション\release\playmodeselect.obj
c:\users\student\desktop\チーム制作\sh2ot\git用フォルダ\新しいフォルダー (3)\sh2ot_toso\ソリューション\release\playnumberselect.obj
c:\users\student\desktop\チーム制作\sh2ot\git用フォルダ\新しいフォルダー (3)\sh2ot_toso\ソリューション\trans.exe
c:\users\student\desktop\チーム制作\sh2ot\git用フォルダ\新しいフォルダー (3)\sh2ot_toso\ソリューション\trans.pdb
c:\users\student\desktop\チーム制作\sh2ot\git用フォルダ\新しいフォルダー (3)\sh2ot_toso\ソリューション\release\detect.obj
c:\users\student\desktop\チーム制作\sh2ot\git用フォルダ\新しいフォルダー (3)\sh2ot_toso\ソリューション\release\field.obj
c:\users\student\desktop\チーム制作\sh2ot\git用フォルダ\新しいフォルダー (3)\sh2ot_toso\ソリューション\release\tutorial.obj
c:\users\student\desktop\チーム制作\sh2ot\git用フォルダ\新しいフォルダー (3)\sh2ot_toso\ソリューション\release\trans.tlog\cl.command.1.tlog
c:\users\student\desktop\チーム制作\sh2ot\git用フォルダ\新しいフォルダー (3)\sh2ot_toso\ソリューション\release\trans.tlog\cl.read.1.tlog
c:\users\student\desktop\チーム制作\sh2ot\git用フォルダ\新しいフォルダー (3)\sh2ot_toso\ソリューション\release\trans.tlog\cl.write.1.tlog
c:\users\student\desktop\チーム制作\sh2ot\git用フォルダ\新しいフォルダー (3)\sh2ot_toso\ソリューション\release\trans.tlog\link.command.1.tlog
c:\users\student\desktop\チーム制作\sh2ot\git用フォルダ\新しいフォルダー (3)\sh2ot_toso\ソリューション\release\trans.tlog\link.read.1.tlog
c:\users\student\desktop\チーム制作\sh2ot\git用フォルダ\新しいフォルダー (3)\sh2ot_toso\ソリューション\release\trans.tlog\link.write.1.tlog
