  CheckboxUI.cpp
  edit.cpp
  EscapeClearResult.cpp
  EscapeOverResult.cpp
  EscapeRanking.cpp
  EscapeTutorial.cpp
  exit.cpp
  game.cpp
  light.cpp
  main.cpp
  NumberUI.cpp
  objectBG.cpp
  objectLight.cpp
  player.cpp
  PlayNumberSelect.cpp
  result.cpp
  SpotLight.cpp
  stage.cpp
  title.cpp
  VillainRanking.cpp
  コンパイル中...
  VillainResult.cpp
  コード生成しています。
  104 of 454 functions (22.9%) were compiled, the rest were copied from previous compilation.
    16 functions were new in current compilation
    139 functions had inline decision re-evaluated but remain unchanged
  コード生成が終了しました。
  Trans.vcxproj -> C:\Users\student\Desktop\チーム制作2\Sh2ot_Toso\ソリューション\Trans.exe
  Trans.vcxproj -> C:\Users\student\Desktop\チーム制作2\Sh2ot_Toso\ソリューション\Trans.pdb (Full PDB)
